生成启动时间为 2019/4/29 21:08:54。
     1>项目“E:\code\CfaceCode1\CfaceCode1\CfaceCode1\CfaceCode1.vcxproj”在节点 2 上(build 个目标)。
     1>PrepareForBuild:
         正在创建目录“E:\code\CfaceCode1\CfaceCode1\Release\”。
       InitializeBuildStatus:
         正在创建“Release\CfaceCode1.unsuccessfulbuild”，因为已指定“AlwaysCreate”。
       ClCompile:
         D:\vs2010\VC\bin\CL.exe /c /Zi /nologo /W3 /WX- /O2 /Oi /Oy- /GL /D WIN32 /D NDEBUG /D _CONSOLE /D _UNICODE /D UNICODE /Gm- /EHsc /MD /GS /Gy /fp:precise /Zc:wchar_t /Zc:forScope /Yc"StdAfx.h" /Fp"Release\CfaceCode1.pch" /Fo"Release\\" /Fd"Release\vc100.pdb" /Gd /TP /analyze- /errorReport:prompt stdafx.cpp
         stdafx.cpp
         D:\vs2010\VC\bin\CL.exe /c /Zi /nologo /W3 /WX- /O2 /Oi /Oy- /GL /D WIN32 /D NDEBUG /D _CONSOLE /D _UNICODE /D UNICODE /Gm- /EHsc /MD /GS /Gy /fp:precise /Zc:wchar_t /Zc:forScope /Yu"StdAfx.h" /Fp"Release\CfaceCode1.pch" /Fo"Release\\" /Fd"Release\vc100.pdb" /Gd /TP /analyze- /errorReport:prompt CfaceCode1.cpp strToInt.cpp
         CfaceCode1.cpp
     1>e:\code\cfacecode1\cfacecode1\cfacecode1\strToInt.cpp(8): error C2143: 语法错误 : 缺少“)”(在“return”的前面)
     1>e:\code\cfacecode1\cfacecode1\cfacecode1\strToInt.cpp(8): error C2065: “TRUE”: 未声明的标识符
     1>e:\code\cfacecode1\cfacecode1\cfacecode1\strToInt.cpp(10): error C2065: “FALSE”: 未声明的标识符
     1>e:\code\cfacecode1\cfacecode1\cfacecode1\strToInt.cpp(16): error C2065: “TRUE”: 未声明的标识符
     1>e:\code\cfacecode1\cfacecode1\cfacecode1\strToInt.cpp(18): error C2065: “FALSE”: 未声明的标识符
     1>e:\code\cfacecode1\cfacecode1\cfacecode1\strToInt.cpp(24): error C2065: “TRUE”: 未声明的标识符
     1>e:\code\cfacecode1\cfacecode1\cfacecode1\strToInt.cpp(26): error C2065: “FALSE”: 未声明的标识符
     1>e:\code\cfacecode1\cfacecode1\cfacecode1\strToInt.cpp(32): error C2065: “FALSE”: 未声明的标识符
     1>e:\code\cfacecode1\cfacecode1\cfacecode1\strToInt.cpp(44): error C2143: 语法错误 : 缺少“)”(在“{”的前面)
     1>e:\code\cfacecode1\cfacecode1\cfacecode1\strToInt.cpp(53): error C2065: “FALSE”: 未声明的标识符
     1>e:\code\cfacecode1\cfacecode1\cfacecode1\strToInt.cpp(64): error C2065: “FALSE”: 未声明的标识符
     1>CfaceCode1.cpp(12): error C3861: “system”: 找不到标识符
         strToInt.cpp
     1>strToInt.cpp(2): warning C4627: “#include <string.h>”: 在查找预编译头使用时跳过
                 将指令添加到“StdAfx.h”或重新生成预编译头
     1>strToInt.cpp(73): fatal error C1010: 在查找预编译头时遇到意外的文件结尾。是否忘记了向源中添加“#include "StdAfx.h"”?
     1>已完成生成项目“E:\code\CfaceCode1\CfaceCode1\CfaceCode1\CfaceCode1.vcxproj”(build 个目标)的操作 - 失败。

生成失败。

已用时间 00:00:02.31
